ARM GAS  C:\Users\run1009\AppData\Local\Temp\ccRFhL60.s 			page 1


   1              		.syntax unified
   2              		.cpu cortex-m0
   3              		.fpu softvfp
   4              		.eabi_attribute 20, 1
   5              		.eabi_attribute 21, 1
   6              		.eabi_attribute 23, 3
   7              		.eabi_attribute 24, 1
   8              		.eabi_attribute 25, 1
   9              		.eabi_attribute 26, 1
  10              		.eabi_attribute 30, 6
  11              		.eabi_attribute 34, 0
  12              		.eabi_attribute 18, 4
  13              		.thumb
  14              		.syntax unified
  15              		.file	"cyfitter_cfg.c"
  16              		.text
  17              	.Ltext0:
  18              		.cfi_sections	.debug_frame
  19              		.section	.text.CYMEMZERO,"ax",%progbits
  20              		.align	2
  21              		.code	16
  22              		.thumb_func
  23              		.type	CYMEMZERO, %function
  24              	CYMEMZERO:
  25              	.LFB2:
  26              		.file 1 "Generated_Source\\PSoC4\\cyfitter_cfg.c"
   1:Generated_Source\PSoC4/cyfitter_cfg.c **** 
   2:Generated_Source\PSoC4/cyfitter_cfg.c **** /*******************************************************************************
   3:Generated_Source\PSoC4/cyfitter_cfg.c **** * File Name: cyfitter_cfg.c
   4:Generated_Source\PSoC4/cyfitter_cfg.c **** * 
   5:Generated_Source\PSoC4/cyfitter_cfg.c **** * PSoC Creator  4.2
   6:Generated_Source\PSoC4/cyfitter_cfg.c **** *
   7:Generated_Source\PSoC4/cyfitter_cfg.c **** * Description:
   8:Generated_Source\PSoC4/cyfitter_cfg.c **** * This file contains device initialization code.
   9:Generated_Source\PSoC4/cyfitter_cfg.c **** * Except for the user defined sections in CyClockStartupError(), this file should not be modified.
  10:Generated_Source\PSoC4/cyfitter_cfg.c **** * This file is automatically generated by PSoC Creator.
  11:Generated_Source\PSoC4/cyfitter_cfg.c **** *
  12:Generated_Source\PSoC4/cyfitter_cfg.c **** ********************************************************************************
  13:Generated_Source\PSoC4/cyfitter_cfg.c **** * Copyright (c) 2007-2018 Cypress Semiconductor.  All rights reserved.
  14:Generated_Source\PSoC4/cyfitter_cfg.c **** * You may use this file only in accordance with the license, terms, conditions, 
  15:Generated_Source\PSoC4/cyfitter_cfg.c **** * disclaimers, and limitations in the end user license agreement accompanying 
  16:Generated_Source\PSoC4/cyfitter_cfg.c **** * the software package with which this file was provided.
  17:Generated_Source\PSoC4/cyfitter_cfg.c **** ********************************************************************************/
  18:Generated_Source\PSoC4/cyfitter_cfg.c **** 
  19:Generated_Source\PSoC4/cyfitter_cfg.c **** #include <string.h>
  20:Generated_Source\PSoC4/cyfitter_cfg.c **** #include "cytypes.h"
  21:Generated_Source\PSoC4/cyfitter_cfg.c **** #include "cydevice_trm.h"
  22:Generated_Source\PSoC4/cyfitter_cfg.c **** #include "cyfitter.h"
  23:Generated_Source\PSoC4/cyfitter_cfg.c **** #include "CyLib.h"
  24:Generated_Source\PSoC4/cyfitter_cfg.c **** #include "cyfitter_cfg.h"
  25:Generated_Source\PSoC4/cyfitter_cfg.c **** 
  26:Generated_Source\PSoC4/cyfitter_cfg.c **** 
  27:Generated_Source\PSoC4/cyfitter_cfg.c **** #if defined(__GNUC__) || defined(__ARMCC_VERSION)
  28:Generated_Source\PSoC4/cyfitter_cfg.c ****     #define CYPACKED 
  29:Generated_Source\PSoC4/cyfitter_cfg.c ****     #define CYPACKED_ATTR __attribute__ ((packed))
  30:Generated_Source\PSoC4/cyfitter_cfg.c ****     #define CYALIGNED __attribute__ ((aligned))
  31:Generated_Source\PSoC4/cyfitter_cfg.c ****     #define CY_CFG_UNUSED __attribute__ ((unused))
ARM GAS  C:\Users\run1009\AppData\Local\Temp\ccRFhL60.s 			page 2


  32:Generated_Source\PSoC4/cyfitter_cfg.c ****     #ifndef CY_CFG_SECTION
  33:Generated_Source\PSoC4/cyfitter_cfg.c ****         #define CY_CFG_SECTION __attribute__ ((section(".psocinit")))
  34:Generated_Source\PSoC4/cyfitter_cfg.c ****     #endif
  35:Generated_Source\PSoC4/cyfitter_cfg.c ****     
  36:Generated_Source\PSoC4/cyfitter_cfg.c ****     #if defined(__ARMCC_VERSION)
  37:Generated_Source\PSoC4/cyfitter_cfg.c ****         #define CY_CFG_MEMORY_BARRIER() __memory_changed()
  38:Generated_Source\PSoC4/cyfitter_cfg.c ****     #else
  39:Generated_Source\PSoC4/cyfitter_cfg.c ****         #define CY_CFG_MEMORY_BARRIER() __sync_synchronize()
  40:Generated_Source\PSoC4/cyfitter_cfg.c ****     #endif
  41:Generated_Source\PSoC4/cyfitter_cfg.c ****     
  42:Generated_Source\PSoC4/cyfitter_cfg.c **** #elif defined(__ICCARM__)
  43:Generated_Source\PSoC4/cyfitter_cfg.c ****     #include <intrinsics.h>
  44:Generated_Source\PSoC4/cyfitter_cfg.c **** 
  45:Generated_Source\PSoC4/cyfitter_cfg.c ****     #define CYPACKED __packed
  46:Generated_Source\PSoC4/cyfitter_cfg.c ****     #define CYPACKED_ATTR 
  47:Generated_Source\PSoC4/cyfitter_cfg.c ****     #define CYALIGNED _Pragma("data_alignment=4")
  48:Generated_Source\PSoC4/cyfitter_cfg.c ****     #define CY_CFG_UNUSED _Pragma("diag_suppress=Pe177")
  49:Generated_Source\PSoC4/cyfitter_cfg.c ****     #define CY_CFG_SECTION _Pragma("location=\".psocinit\"")
  50:Generated_Source\PSoC4/cyfitter_cfg.c ****     
  51:Generated_Source\PSoC4/cyfitter_cfg.c ****     #define CY_CFG_MEMORY_BARRIER() __DMB()
  52:Generated_Source\PSoC4/cyfitter_cfg.c ****     
  53:Generated_Source\PSoC4/cyfitter_cfg.c **** #else
  54:Generated_Source\PSoC4/cyfitter_cfg.c ****     #error Unsupported toolchain
  55:Generated_Source\PSoC4/cyfitter_cfg.c **** #endif
  56:Generated_Source\PSoC4/cyfitter_cfg.c **** 
  57:Generated_Source\PSoC4/cyfitter_cfg.c **** #ifndef CYCODE
  58:Generated_Source\PSoC4/cyfitter_cfg.c ****     #define CYCODE
  59:Generated_Source\PSoC4/cyfitter_cfg.c **** #endif
  60:Generated_Source\PSoC4/cyfitter_cfg.c **** #ifndef CYDATA
  61:Generated_Source\PSoC4/cyfitter_cfg.c ****     #define CYDATA
  62:Generated_Source\PSoC4/cyfitter_cfg.c **** #endif
  63:Generated_Source\PSoC4/cyfitter_cfg.c **** #ifndef CYFAR
  64:Generated_Source\PSoC4/cyfitter_cfg.c ****     #define CYFAR
  65:Generated_Source\PSoC4/cyfitter_cfg.c **** #endif
  66:Generated_Source\PSoC4/cyfitter_cfg.c **** #ifndef CYXDATA
  67:Generated_Source\PSoC4/cyfitter_cfg.c ****     #define CYXDATA
  68:Generated_Source\PSoC4/cyfitter_cfg.c **** #endif
  69:Generated_Source\PSoC4/cyfitter_cfg.c **** 
  70:Generated_Source\PSoC4/cyfitter_cfg.c **** 
  71:Generated_Source\PSoC4/cyfitter_cfg.c **** CY_CFG_UNUSED
  72:Generated_Source\PSoC4/cyfitter_cfg.c **** static void CYMEMZERO(void *s, size_t n);
  73:Generated_Source\PSoC4/cyfitter_cfg.c **** CY_CFG_UNUSED
  74:Generated_Source\PSoC4/cyfitter_cfg.c **** static void CYMEMZERO(void *s, size_t n)
  75:Generated_Source\PSoC4/cyfitter_cfg.c **** {
  27              		.loc 1 75 0
  28              		.cfi_startproc
  29              		@ args = 0, pretend = 0, frame = 8
  30              		@ frame_needed = 1, uses_anonymous_args = 0
  31 0000 80B5     		push	{r7, lr}
  32              		.cfi_def_cfa_offset 8
  33              		.cfi_offset 7, -8
  34              		.cfi_offset 14, -4
  35 0002 82B0     		sub	sp, sp, #8
  36              		.cfi_def_cfa_offset 16
  37 0004 00AF     		add	r7, sp, #0
  38              		.cfi_def_cfa_register 7
  39 0006 7860     		str	r0, [r7, #4]
ARM GAS  C:\Users\run1009\AppData\Local\Temp\ccRFhL60.s 			page 3


  40 0008 3960     		str	r1, [r7]
  76:Generated_Source\PSoC4/cyfitter_cfg.c **** 	(void)memset(s, 0, n);
  41              		.loc 1 76 0
  42 000a 3A68     		ldr	r2, [r7]
  43 000c 7B68     		ldr	r3, [r7, #4]
  44 000e 0021     		movs	r1, #0
  45 0010 1800     		movs	r0, r3
  46 0012 FFF7FEFF 		bl	memset
  77:Generated_Source\PSoC4/cyfitter_cfg.c **** }
  47              		.loc 1 77 0
  48 0016 C046     		nop
  49 0018 BD46     		mov	sp, r7
  50 001a 02B0     		add	sp, sp, #8
  51              		@ sp needed
  52 001c 80BD     		pop	{r7, pc}
  53              		.cfi_endproc
  54              	.LFE2:
  55              		.size	CYMEMZERO, .-CYMEMZERO
  56 001e C046     		.section	.text.CYCONFIGCPY,"ax",%progbits
  57              		.align	2
  58              		.code	16
  59              		.thumb_func
  60              		.type	CYCONFIGCPY, %function
  61              	CYCONFIGCPY:
  62              	.LFB3:
  78:Generated_Source\PSoC4/cyfitter_cfg.c **** CY_CFG_UNUSED
  79:Generated_Source\PSoC4/cyfitter_cfg.c **** static void CYCONFIGCPY(void *dest, const void *src, size_t n);
  80:Generated_Source\PSoC4/cyfitter_cfg.c **** CY_CFG_UNUSED
  81:Generated_Source\PSoC4/cyfitter_cfg.c **** static void CYCONFIGCPY(void *dest, const void *src, size_t n)
  82:Generated_Source\PSoC4/cyfitter_cfg.c **** {
  63              		.loc 1 82 0
  64              		.cfi_startproc
  65              		@ args = 0, pretend = 0, frame = 16
  66              		@ frame_needed = 1, uses_anonymous_args = 0
  67 0000 80B5     		push	{r7, lr}
  68              		.cfi_def_cfa_offset 8
  69              		.cfi_offset 7, -8
  70              		.cfi_offset 14, -4
  71 0002 84B0     		sub	sp, sp, #16
  72              		.cfi_def_cfa_offset 24
  73 0004 00AF     		add	r7, sp, #0
  74              		.cfi_def_cfa_register 7
  75 0006 F860     		str	r0, [r7, #12]
  76 0008 B960     		str	r1, [r7, #8]
  77 000a 7A60     		str	r2, [r7, #4]
  83:Generated_Source\PSoC4/cyfitter_cfg.c **** 	(void)memcpy(dest, src, n);
  78              		.loc 1 83 0
  79 000c 7A68     		ldr	r2, [r7, #4]
  80 000e B968     		ldr	r1, [r7, #8]
  81 0010 FB68     		ldr	r3, [r7, #12]
  82 0012 1800     		movs	r0, r3
  83 0014 FFF7FEFF 		bl	memcpy
  84:Generated_Source\PSoC4/cyfitter_cfg.c **** }
  84              		.loc 1 84 0
  85 0018 C046     		nop
  86 001a BD46     		mov	sp, r7
  87 001c 04B0     		add	sp, sp, #16
ARM GAS  C:\Users\run1009\AppData\Local\Temp\ccRFhL60.s 			page 4


  88              		@ sp needed
  89 001e 80BD     		pop	{r7, pc}
  90              		.cfi_endproc
  91              	.LFE3:
  92              		.size	CYCONFIGCPY, .-CYCONFIGCPY
  93              		.section	.text.CYCONFIGCPYCODE,"ax",%progbits
  94              		.align	2
  95              		.code	16
  96              		.thumb_func
  97              		.type	CYCONFIGCPYCODE, %function
  98              	CYCONFIGCPYCODE:
  99              	.LFB4:
  85:Generated_Source\PSoC4/cyfitter_cfg.c **** CY_CFG_UNUSED
  86:Generated_Source\PSoC4/cyfitter_cfg.c **** static void CYCONFIGCPYCODE(void *dest, const void *src, size_t n);
  87:Generated_Source\PSoC4/cyfitter_cfg.c **** CY_CFG_UNUSED
  88:Generated_Source\PSoC4/cyfitter_cfg.c **** static void CYCONFIGCPYCODE(void *dest, const void *src, size_t n)
  89:Generated_Source\PSoC4/cyfitter_cfg.c **** {
 100              		.loc 1 89 0
 101              		.cfi_startproc
 102              		@ args = 0, pretend = 0, frame = 16
 103              		@ frame_needed = 1, uses_anonymous_args = 0
 104 0000 80B5     		push	{r7, lr}
 105              		.cfi_def_cfa_offset 8
 106              		.cfi_offset 7, -8
 107              		.cfi_offset 14, -4
 108 0002 84B0     		sub	sp, sp, #16
 109              		.cfi_def_cfa_offset 24
 110 0004 00AF     		add	r7, sp, #0
 111              		.cfi_def_cfa_register 7
 112 0006 F860     		str	r0, [r7, #12]
 113 0008 B960     		str	r1, [r7, #8]
 114 000a 7A60     		str	r2, [r7, #4]
  90:Generated_Source\PSoC4/cyfitter_cfg.c **** 	(void)memcpy(dest, src, n);
 115              		.loc 1 90 0
 116 000c 7A68     		ldr	r2, [r7, #4]
 117 000e B968     		ldr	r1, [r7, #8]
 118 0010 FB68     		ldr	r3, [r7, #12]
 119 0012 1800     		movs	r0, r3
 120 0014 FFF7FEFF 		bl	memcpy
  91:Generated_Source\PSoC4/cyfitter_cfg.c **** }
 121              		.loc 1 91 0
 122 0018 C046     		nop
 123 001a BD46     		mov	sp, r7
 124 001c 04B0     		add	sp, sp, #16
 125              		@ sp needed
 126 001e 80BD     		pop	{r7, pc}
 127              		.cfi_endproc
 128              	.LFE4:
 129              		.size	CYCONFIGCPYCODE, .-CYCONFIGCPYCODE
 130              		.section	.psocinit,"ax",%progbits
 131              		.align	2
 132              		.code	16
 133              		.thumb_func
 134              		.type	ClockSetup, %function
 135              	ClockSetup:
 136              	.LFB5:
  92:Generated_Source\PSoC4/cyfitter_cfg.c **** 
ARM GAS  C:\Users\run1009\AppData\Local\Temp\ccRFhL60.s 			page 5


  93:Generated_Source\PSoC4/cyfitter_cfg.c **** 
  94:Generated_Source\PSoC4/cyfitter_cfg.c **** 
  95:Generated_Source\PSoC4/cyfitter_cfg.c **** 
  96:Generated_Source\PSoC4/cyfitter_cfg.c **** /* Clock startup error codes                                                   */
  97:Generated_Source\PSoC4/cyfitter_cfg.c **** #define CYCLOCKSTART_NO_ERROR    0u
  98:Generated_Source\PSoC4/cyfitter_cfg.c **** #define CYCLOCKSTART_XTAL_ERROR  1u
  99:Generated_Source\PSoC4/cyfitter_cfg.c **** #define CYCLOCKSTART_32KHZ_ERROR 2u
 100:Generated_Source\PSoC4/cyfitter_cfg.c **** #define CYCLOCKSTART_PLL_ERROR   3u
 101:Generated_Source\PSoC4/cyfitter_cfg.c **** #define CYCLOCKSTART_FLL_ERROR   4u
 102:Generated_Source\PSoC4/cyfitter_cfg.c **** #define CYCLOCKSTART_WCO_ERROR   5u
 103:Generated_Source\PSoC4/cyfitter_cfg.c **** 
 104:Generated_Source\PSoC4/cyfitter_cfg.c **** 
 105:Generated_Source\PSoC4/cyfitter_cfg.c **** #ifdef CY_NEED_CYCLOCKSTARTUPERROR
 106:Generated_Source\PSoC4/cyfitter_cfg.c **** /*******************************************************************************
 107:Generated_Source\PSoC4/cyfitter_cfg.c **** * Function Name: CyClockStartupError
 108:Generated_Source\PSoC4/cyfitter_cfg.c **** ********************************************************************************
 109:Generated_Source\PSoC4/cyfitter_cfg.c **** * Summary:
 110:Generated_Source\PSoC4/cyfitter_cfg.c **** *  If an error is encountered during clock configuration (crystal startup error,
 111:Generated_Source\PSoC4/cyfitter_cfg.c **** *  PLL lock error, etc.), the system will end up here.  Unless reimplemented by
 112:Generated_Source\PSoC4/cyfitter_cfg.c **** *  the customer, this function will stop in an infinite loop.
 113:Generated_Source\PSoC4/cyfitter_cfg.c **** *
 114:Generated_Source\PSoC4/cyfitter_cfg.c **** * Parameters:
 115:Generated_Source\PSoC4/cyfitter_cfg.c **** *   void
 116:Generated_Source\PSoC4/cyfitter_cfg.c **** *
 117:Generated_Source\PSoC4/cyfitter_cfg.c **** * Return:
 118:Generated_Source\PSoC4/cyfitter_cfg.c **** *   void
 119:Generated_Source\PSoC4/cyfitter_cfg.c **** *
 120:Generated_Source\PSoC4/cyfitter_cfg.c **** *******************************************************************************/
 121:Generated_Source\PSoC4/cyfitter_cfg.c **** CY_CFG_UNUSED
 122:Generated_Source\PSoC4/cyfitter_cfg.c **** static void CyClockStartupError(uint8 errorCode);
 123:Generated_Source\PSoC4/cyfitter_cfg.c **** CY_CFG_UNUSED
 124:Generated_Source\PSoC4/cyfitter_cfg.c **** static void CyClockStartupError(uint8 errorCode)
 125:Generated_Source\PSoC4/cyfitter_cfg.c **** {
 126:Generated_Source\PSoC4/cyfitter_cfg.c ****     /* To remove the compiler warning if errorCode not used.                */
 127:Generated_Source\PSoC4/cyfitter_cfg.c ****     errorCode = errorCode;
 128:Generated_Source\PSoC4/cyfitter_cfg.c **** 
 129:Generated_Source\PSoC4/cyfitter_cfg.c ****     /* If we have a clock startup error (bad MHz crystal, PLL lock, etc.),  */
 130:Generated_Source\PSoC4/cyfitter_cfg.c ****     /* we will end up here to allow the customer to implement something to  */
 131:Generated_Source\PSoC4/cyfitter_cfg.c ****     /* deal with the clock condition.                                       */
 132:Generated_Source\PSoC4/cyfitter_cfg.c **** 
 133:Generated_Source\PSoC4/cyfitter_cfg.c **** #ifdef CY_CFG_CLOCK_STARTUP_ERROR_CALLBACK
 134:Generated_Source\PSoC4/cyfitter_cfg.c ****     CY_CFG_Clock_Startup_ErrorCallback();
 135:Generated_Source\PSoC4/cyfitter_cfg.c **** #else
 136:Generated_Source\PSoC4/cyfitter_cfg.c ****     /*  If not using CY_CFG_CLOCK_STARTUP_ERROR_CALLBACK, place your clock startup code here. */
 137:Generated_Source\PSoC4/cyfitter_cfg.c ****     /* `#START CyClockStartupError` */
 138:Generated_Source\PSoC4/cyfitter_cfg.c **** 
 139:Generated_Source\PSoC4/cyfitter_cfg.c **** 
 140:Generated_Source\PSoC4/cyfitter_cfg.c **** 
 141:Generated_Source\PSoC4/cyfitter_cfg.c ****     /* `#END` */
 142:Generated_Source\PSoC4/cyfitter_cfg.c **** 
 143:Generated_Source\PSoC4/cyfitter_cfg.c ****     while(1) {}
 144:Generated_Source\PSoC4/cyfitter_cfg.c **** #endif /* CY_CFG_CLOCK_STARTUP_ERROR_CALLBACK */
 145:Generated_Source\PSoC4/cyfitter_cfg.c **** }
 146:Generated_Source\PSoC4/cyfitter_cfg.c **** #endif
 147:Generated_Source\PSoC4/cyfitter_cfg.c **** 
 148:Generated_Source\PSoC4/cyfitter_cfg.c **** 
 149:Generated_Source\PSoC4/cyfitter_cfg.c **** 
ARM GAS  C:\Users\run1009\AppData\Local\Temp\ccRFhL60.s 			page 6


 150:Generated_Source\PSoC4/cyfitter_cfg.c **** /*******************************************************************************
 151:Generated_Source\PSoC4/cyfitter_cfg.c **** * Function Name: ClockSetup
 152:Generated_Source\PSoC4/cyfitter_cfg.c **** ********************************************************************************
 153:Generated_Source\PSoC4/cyfitter_cfg.c **** *
 154:Generated_Source\PSoC4/cyfitter_cfg.c **** * Summary:
 155:Generated_Source\PSoC4/cyfitter_cfg.c **** *   Performs the initialization of all of the clocks in the device based on the
 156:Generated_Source\PSoC4/cyfitter_cfg.c **** *   settings in the Clock tab of the DWR.  This includes enabling the requested
 157:Generated_Source\PSoC4/cyfitter_cfg.c **** *   clocks and setting the necessary dividers to produce the desired frequency. 
 158:Generated_Source\PSoC4/cyfitter_cfg.c **** *
 159:Generated_Source\PSoC4/cyfitter_cfg.c **** * Parameters:
 160:Generated_Source\PSoC4/cyfitter_cfg.c **** *   void
 161:Generated_Source\PSoC4/cyfitter_cfg.c **** *
 162:Generated_Source\PSoC4/cyfitter_cfg.c **** * Return:
 163:Generated_Source\PSoC4/cyfitter_cfg.c **** *   void
 164:Generated_Source\PSoC4/cyfitter_cfg.c **** *
 165:Generated_Source\PSoC4/cyfitter_cfg.c **** *******************************************************************************/
 166:Generated_Source\PSoC4/cyfitter_cfg.c **** static void ClockSetup(void);
 167:Generated_Source\PSoC4/cyfitter_cfg.c **** CY_CFG_SECTION
 168:Generated_Source\PSoC4/cyfitter_cfg.c **** static void ClockSetup(void)
 169:Generated_Source\PSoC4/cyfitter_cfg.c **** {
 137              		.loc 1 169 0
 138              		.cfi_startproc
 139              		@ args = 0, pretend = 0, frame = 0
 140              		@ frame_needed = 1, uses_anonymous_args = 0
 141 0000 80B5     		push	{r7, lr}
 142              		.cfi_def_cfa_offset 8
 143              		.cfi_offset 7, -8
 144              		.cfi_offset 14, -4
 145 0002 00AF     		add	r7, sp, #0
 146              		.cfi_def_cfa_register 7
 170:Generated_Source\PSoC4/cyfitter_cfg.c **** 
 171:Generated_Source\PSoC4/cyfitter_cfg.c **** 	/* Set Flash Cycles based on max possible frequency in case a glitch occurs during ClockSetup(). *
 172:Generated_Source\PSoC4/cyfitter_cfg.c **** 	CY_SET_REG32((void CYXDATA *)(CYREG_CPUSS_FLASH_CTL), (0x0012u));
 147              		.loc 1 172 0
 148 0004 244B     		ldr	r3, .L5
 149 0006 1222     		movs	r2, #18
 150 0008 1A60     		str	r2, [r3]
 173:Generated_Source\PSoC4/cyfitter_cfg.c **** 
 174:Generated_Source\PSoC4/cyfitter_cfg.c **** 	/* Start the WCO */
 175:Generated_Source\PSoC4/cyfitter_cfg.c **** 	CySysClkWcoStart();
 151              		.loc 1 175 0
 152 000a FFF7FEFF 		bl	CySysClkWcoStart
 176:Generated_Source\PSoC4/cyfitter_cfg.c **** 	CyDelayCycles(12000000u); /* WCO may take up to 500ms to start */
 153              		.loc 1 176 0
 154 000e 234B     		ldr	r3, .L5+4
 155 0010 1800     		movs	r0, r3
 156 0012 FFF7FEFF 		bl	CyDelayCycles
 177:Generated_Source\PSoC4/cyfitter_cfg.c **** 	(void)CySysClkWcoSetPowerMode(CY_SYS_CLK_WCO_LPM);    /* Switch to the low power mode */
 157              		.loc 1 177 0
 158 0016 0120     		movs	r0, #1
 159 0018 FFF7FEFF 		bl	CySysClkWcoSetPowerMode
 178:Generated_Source\PSoC4/cyfitter_cfg.c **** 
 179:Generated_Source\PSoC4/cyfitter_cfg.c **** 	/* Setup and trim IMO based on desired frequency. */
 180:Generated_Source\PSoC4/cyfitter_cfg.c **** 	CySysClkWriteImoFreq(48u);
 160              		.loc 1 180 0
 161 001c 3020     		movs	r0, #48
 162 001e FFF7FEFF 		bl	CySysClkWriteImoFreq
ARM GAS  C:\Users\run1009\AppData\Local\Temp\ccRFhL60.s 			page 7


 181:Generated_Source\PSoC4/cyfitter_cfg.c **** 	/* CYDEV_CLK_ILO_CONFIG Starting address: CYDEV_CLK_ILO_CONFIG */
 182:Generated_Source\PSoC4/cyfitter_cfg.c **** 	CY_SET_REG32((void *)(CYREG_CLK_ILO_CONFIG), 0x80000006u);
 163              		.loc 1 182 0
 164 0022 1F4B     		ldr	r3, .L5+8
 165 0024 1F4A     		ldr	r2, .L5+12
 166 0026 1A60     		str	r2, [r3]
 183:Generated_Source\PSoC4/cyfitter_cfg.c **** 
 184:Generated_Source\PSoC4/cyfitter_cfg.c **** 	/* CYDEV_WDT_CONFIG Starting address: CYDEV_WDT_CONFIG */
 185:Generated_Source\PSoC4/cyfitter_cfg.c **** 	CY_SET_REG32((void *)(CYREG_WDT_CONFIG), 0x40000000u);
 167              		.loc 1 185 0
 168 0028 1F4B     		ldr	r3, .L5+16
 169 002a 8022     		movs	r2, #128
 170 002c D205     		lsls	r2, r2, #23
 171 002e 1A60     		str	r2, [r3]
 186:Generated_Source\PSoC4/cyfitter_cfg.c **** 
 187:Generated_Source\PSoC4/cyfitter_cfg.c **** 
 188:Generated_Source\PSoC4/cyfitter_cfg.c **** 	/* Enable fast start mode for XO */
 189:Generated_Source\PSoC4/cyfitter_cfg.c **** 	CY_SET_REG32((void*)CYREG_BLE_BLERD_BB_XO, CY_GET_REG32((void*)CYREG_BLE_BLERD_BB_XO) | (uint32)0x
 172              		.loc 1 189 0
 173 0030 1E4B     		ldr	r3, .L5+20
 174 0032 1E4A     		ldr	r2, .L5+20
 175 0034 1268     		ldr	r2, [r2]
 176 0036 0221     		movs	r1, #2
 177 0038 0A43     		orrs	r2, r1
 178 003a 1A60     		str	r2, [r3]
 190:Generated_Source\PSoC4/cyfitter_cfg.c **** 	CY_SET_REG32((void *)(CYREG_BLE_BLERD_BB_XO_CAPTRIM), 0x00002D6Au);
 179              		.loc 1 190 0
 180 003c 1C4B     		ldr	r3, .L5+24
 181 003e 1D4A     		ldr	r2, .L5+28
 182 0040 1A60     		str	r2, [r3]
 191:Generated_Source\PSoC4/cyfitter_cfg.c **** 	/*Set XTAL(ECO) divider*/
 192:Generated_Source\PSoC4/cyfitter_cfg.c **** 	CY_SET_REG32((void *)(CYREG_BLE_BLESS_XTAL_CLK_DIV_CONFIG), 0x00000000u);
 183              		.loc 1 192 0
 184 0042 1D4B     		ldr	r3, .L5+32
 185 0044 0022     		movs	r2, #0
 186 0046 1A60     		str	r2, [r3]
 193:Generated_Source\PSoC4/cyfitter_cfg.c **** 	/* Disable Crystal Stable Interrupt before enabling ECO */
 194:Generated_Source\PSoC4/cyfitter_cfg.c **** 	CY_SET_REG32((void*)CYREG_BLE_BLESS_LL_DSM_CTRL, CY_GET_REG32((void*)CYREG_BLE_BLESS_LL_DSM_CTRL) 
 187              		.loc 1 194 0
 188 0048 1C4B     		ldr	r3, .L5+36
 189 004a 1C4A     		ldr	r2, .L5+36
 190 004c 1268     		ldr	r2, [r2]
 191 004e 0821     		movs	r1, #8
 192 0050 8A43     		bics	r2, r1
 193 0052 1A60     		str	r2, [r3]
 195:Generated_Source\PSoC4/cyfitter_cfg.c **** 	/* Start the ECO and do not check status since it is not needed for HFCLK */
 196:Generated_Source\PSoC4/cyfitter_cfg.c **** 	(void)CySysClkEcoStart(2000u);
 194              		.loc 1 196 0
 195 0054 FA23     		movs	r3, #250
 196 0056 DB00     		lsls	r3, r3, #3
 197 0058 1800     		movs	r0, r3
 198 005a FFF7FEFF 		bl	CySysClkEcoStart
 197:Generated_Source\PSoC4/cyfitter_cfg.c **** 	CyDelayUs(1500u); /* Wait to stabilize */
 199              		.loc 1 197 0
 200 005e 184B     		ldr	r3, .L5+40
 201 0060 1800     		movs	r0, r3
 202 0062 FFF7FEFF 		bl	CyDelayUs
ARM GAS  C:\Users\run1009\AppData\Local\Temp\ccRFhL60.s 			page 8


 198:Generated_Source\PSoC4/cyfitter_cfg.c **** 
 199:Generated_Source\PSoC4/cyfitter_cfg.c **** 	/* Setup phase aligned clocks */
 200:Generated_Source\PSoC4/cyfitter_cfg.c **** 	CY_SET_REG32((void *)CYREG_PERI_DIV_16_CTL0, 0x00001900u);
 203              		.loc 1 200 0
 204 0066 174B     		ldr	r3, .L5+44
 205 0068 C822     		movs	r2, #200
 206 006a 5201     		lsls	r2, r2, #5
 207 006c 1A60     		str	r2, [r3]
 201:Generated_Source\PSoC4/cyfitter_cfg.c **** 	CY_SET_REG32((void *)CYREG_PERI_DIV_CMD, 0x8000FF40u);
 208              		.loc 1 201 0
 209 006e 164B     		ldr	r3, .L5+48
 210 0070 164A     		ldr	r2, .L5+52
 211 0072 1A60     		str	r2, [r3]
 202:Generated_Source\PSoC4/cyfitter_cfg.c **** 
 203:Generated_Source\PSoC4/cyfitter_cfg.c **** 	/* CYDEV_CLK_IMO_CONFIG Starting address: CYDEV_CLK_IMO_CONFIG */
 204:Generated_Source\PSoC4/cyfitter_cfg.c **** 	CY_SET_REG32((void *)(CYREG_CLK_IMO_CONFIG), 0x80000000u);
 212              		.loc 1 204 0
 213 0074 164B     		ldr	r3, .L5+56
 214 0076 8022     		movs	r2, #128
 215 0078 1206     		lsls	r2, r2, #24
 216 007a 1A60     		str	r2, [r3]
 205:Generated_Source\PSoC4/cyfitter_cfg.c **** 
 206:Generated_Source\PSoC4/cyfitter_cfg.c **** 	/* CYDEV_CLK_SELECT Starting address: CYDEV_CLK_SELECT */
 207:Generated_Source\PSoC4/cyfitter_cfg.c **** 	CY_SET_REG32((void *)(CYREG_CLK_SELECT), 0x00040000u);
 217              		.loc 1 207 0
 218 007c 154B     		ldr	r3, .L5+60
 219 007e 8022     		movs	r2, #128
 220 0080 D202     		lsls	r2, r2, #11
 221 0082 1A60     		str	r2, [r3]
 208:Generated_Source\PSoC4/cyfitter_cfg.c **** 
 209:Generated_Source\PSoC4/cyfitter_cfg.c **** 	/* CYDEV_PERI_PCLK_CTL1 Starting address: CYDEV_PERI_PCLK_CTL1 */
 210:Generated_Source\PSoC4/cyfitter_cfg.c **** 	CY_SET_REG32((void *)(CYREG_PERI_PCLK_CTL1), 0x00000040u);
 222              		.loc 1 210 0
 223 0084 144B     		ldr	r3, .L5+64
 224 0086 4022     		movs	r2, #64
 225 0088 1A60     		str	r2, [r3]
 211:Generated_Source\PSoC4/cyfitter_cfg.c **** 
 212:Generated_Source\PSoC4/cyfitter_cfg.c **** 	CY_SET_REG32((void *)(CYREG_WDT_CONFIG), 0x40000000u);
 226              		.loc 1 212 0
 227 008a 074B     		ldr	r3, .L5+16
 228 008c 8022     		movs	r2, #128
 229 008e D205     		lsls	r2, r2, #23
 230 0090 1A60     		str	r2, [r3]
 213:Generated_Source\PSoC4/cyfitter_cfg.c **** }
 231              		.loc 1 213 0
 232 0092 C046     		nop
 233 0094 BD46     		mov	sp, r7
 234              		@ sp needed
 235 0096 80BD     		pop	{r7, pc}
 236              	.L6:
 237              		.align	2
 238              	.L5:
 239 0098 30001040 		.word	1074790448
 240 009c 001BB700 		.word	12000000
 241 00a0 04010B40 		.word	1074462980
 242 00a4 06000080 		.word	-2147483642
 243 00a8 0C020B40 		.word	1074463244
ARM GAS  C:\Users\run1009\AppData\Local\Temp\ccRFhL60.s 			page 9


 244 00ac 78002E40 		.word	1076756600
 245 00b0 7C002E40 		.word	1076756604
 246 00b4 6A2D0000 		.word	11626
 247 00b8 64F02E40 		.word	1076818020
 248 00bc 6CF02E40 		.word	1076818028
 249 00c0 DC050000 		.word	1500
 250 00c4 00030140 		.word	1073808128
 251 00c8 00000140 		.word	1073807360
 252 00cc 40FF0080 		.word	-2147418304
 253 00d0 08010B40 		.word	1074462984
 254 00d4 00010B40 		.word	1074462976
 255 00d8 04010140 		.word	1073807620
 256              		.cfi_endproc
 257              	.LFE5:
 258              		.size	ClockSetup, .-ClockSetup
 259              		.section	.text.AnalogSetDefault,"ax",%progbits
 260              		.align	2
 261              		.code	16
 262              		.thumb_func
 263              		.type	AnalogSetDefault, %function
 264              	AnalogSetDefault:
 265              	.LFB6:
 214:Generated_Source\PSoC4/cyfitter_cfg.c **** 
 215:Generated_Source\PSoC4/cyfitter_cfg.c **** 
 216:Generated_Source\PSoC4/cyfitter_cfg.c **** /* Analog API Functions */
 217:Generated_Source\PSoC4/cyfitter_cfg.c **** 
 218:Generated_Source\PSoC4/cyfitter_cfg.c **** 
 219:Generated_Source\PSoC4/cyfitter_cfg.c **** /*******************************************************************************
 220:Generated_Source\PSoC4/cyfitter_cfg.c **** * Function Name: AnalogSetDefault
 221:Generated_Source\PSoC4/cyfitter_cfg.c **** ********************************************************************************
 222:Generated_Source\PSoC4/cyfitter_cfg.c **** *
 223:Generated_Source\PSoC4/cyfitter_cfg.c **** * Summary:
 224:Generated_Source\PSoC4/cyfitter_cfg.c **** *  Sets up the analog portions of the chip to default values based on chip
 225:Generated_Source\PSoC4/cyfitter_cfg.c **** *  configuration options from the project.
 226:Generated_Source\PSoC4/cyfitter_cfg.c **** *
 227:Generated_Source\PSoC4/cyfitter_cfg.c **** * Parameters:
 228:Generated_Source\PSoC4/cyfitter_cfg.c **** *  void
 229:Generated_Source\PSoC4/cyfitter_cfg.c **** *
 230:Generated_Source\PSoC4/cyfitter_cfg.c **** * Return:
 231:Generated_Source\PSoC4/cyfitter_cfg.c **** *  void
 232:Generated_Source\PSoC4/cyfitter_cfg.c **** *
 233:Generated_Source\PSoC4/cyfitter_cfg.c **** *******************************************************************************/
 234:Generated_Source\PSoC4/cyfitter_cfg.c **** static void AnalogSetDefault(void);
 235:Generated_Source\PSoC4/cyfitter_cfg.c **** static void AnalogSetDefault(void)
 236:Generated_Source\PSoC4/cyfitter_cfg.c **** {
 266              		.loc 1 236 0
 267              		.cfi_startproc
 268              		@ args = 0, pretend = 0, frame = 0
 269              		@ frame_needed = 1, uses_anonymous_args = 0
 270 0000 80B5     		push	{r7, lr}
 271              		.cfi_def_cfa_offset 8
 272              		.cfi_offset 7, -8
 273              		.cfi_offset 14, -4
 274 0002 00AF     		add	r7, sp, #0
 275              		.cfi_def_cfa_register 7
 237:Generated_Source\PSoC4/cyfitter_cfg.c **** 	CY_SET_XTND_REG32((void CYFAR *)CYREG_CTBM0_DFT_CTRL, 0x00000003u);
 276              		.loc 1 237 0
ARM GAS  C:\Users\run1009\AppData\Local\Temp\ccRFhL60.s 			page 10


 277 0004 054B     		ldr	r3, .L8
 278 0006 0322     		movs	r2, #3
 279 0008 1A60     		str	r2, [r3]
 238:Generated_Source\PSoC4/cyfitter_cfg.c **** 	CY_SET_XTND_REG32((void CYFAR *)CYREG_CTBM1_DFT_CTRL, 0x00000003u);
 280              		.loc 1 238 0
 281 000a 054B     		ldr	r3, .L8+4
 282 000c 0322     		movs	r2, #3
 283 000e 1A60     		str	r2, [r3]
 239:Generated_Source\PSoC4/cyfitter_cfg.c **** 	CY_SET_XTND_REG32((void CYFAR *)CYREG_PASS_DSAB_DSAB_CTRL, 0x00000000u);
 284              		.loc 1 239 0
 285 0010 044B     		ldr	r3, .L8+8
 286 0012 0022     		movs	r2, #0
 287 0014 1A60     		str	r2, [r3]
 240:Generated_Source\PSoC4/cyfitter_cfg.c **** }
 288              		.loc 1 240 0
 289 0016 C046     		nop
 290 0018 BD46     		mov	sp, r7
 291              		@ sp needed
 292 001a 80BD     		pop	{r7, pc}
 293              	.L9:
 294              		.align	2
 295              	.L8:
 296 001c 30003040 		.word	1076887600
 297 0020 30003140 		.word	1076953136
 298 0024 000E3F40 		.word	1077874176
 299              		.cfi_endproc
 300              	.LFE6:
 301              		.size	AnalogSetDefault, .-AnalogSetDefault
 302              		.section	.psocinit
 303              		.align	2
 304              		.global	cyfitter_cfg
 305              		.code	16
 306              		.thumb_func
 307              		.type	cyfitter_cfg, %function
 308              	cyfitter_cfg:
 309              	.LFB7:
 241:Generated_Source\PSoC4/cyfitter_cfg.c **** 
 242:Generated_Source\PSoC4/cyfitter_cfg.c **** 
 243:Generated_Source\PSoC4/cyfitter_cfg.c **** 
 244:Generated_Source\PSoC4/cyfitter_cfg.c **** 
 245:Generated_Source\PSoC4/cyfitter_cfg.c **** /*******************************************************************************
 246:Generated_Source\PSoC4/cyfitter_cfg.c **** * Function Name: cyfitter_cfg
 247:Generated_Source\PSoC4/cyfitter_cfg.c **** ********************************************************************************
 248:Generated_Source\PSoC4/cyfitter_cfg.c **** * Summary:
 249:Generated_Source\PSoC4/cyfitter_cfg.c **** *  This function is called by the start-up code for the selected device. It
 250:Generated_Source\PSoC4/cyfitter_cfg.c **** *  performs all of the necessary device configuration based on the design
 251:Generated_Source\PSoC4/cyfitter_cfg.c **** *  settings.  This includes settings from the Design Wide Resources (DWR) such
 252:Generated_Source\PSoC4/cyfitter_cfg.c **** *  as Clocks and Pins as well as any component configuration that is necessary.
 253:Generated_Source\PSoC4/cyfitter_cfg.c **** *
 254:Generated_Source\PSoC4/cyfitter_cfg.c **** * Parameters:
 255:Generated_Source\PSoC4/cyfitter_cfg.c **** *   void
 256:Generated_Source\PSoC4/cyfitter_cfg.c **** *
 257:Generated_Source\PSoC4/cyfitter_cfg.c **** * Return:
 258:Generated_Source\PSoC4/cyfitter_cfg.c **** *   void
 259:Generated_Source\PSoC4/cyfitter_cfg.c **** *
 260:Generated_Source\PSoC4/cyfitter_cfg.c **** *******************************************************************************/
 261:Generated_Source\PSoC4/cyfitter_cfg.c **** CY_CFG_SECTION
ARM GAS  C:\Users\run1009\AppData\Local\Temp\ccRFhL60.s 			page 11


 262:Generated_Source\PSoC4/cyfitter_cfg.c **** void cyfitter_cfg(void)
 263:Generated_Source\PSoC4/cyfitter_cfg.c **** {
 310              		.loc 1 263 0
 311              		.cfi_startproc
 312              		@ args = 0, pretend = 0, frame = 8
 313              		@ frame_needed = 1, uses_anonymous_args = 0
 314 00dc 80B5     		push	{r7, lr}
 315              		.cfi_def_cfa_offset 8
 316              		.cfi_offset 7, -8
 317              		.cfi_offset 14, -4
 318 00de 82B0     		sub	sp, sp, #8
 319              		.cfi_def_cfa_offset 16
 320 00e0 00AF     		add	r7, sp, #0
 321              		.cfi_def_cfa_register 7
 264:Generated_Source\PSoC4/cyfitter_cfg.c **** 	/* Disable interrupts by default. Let user enable if/when they want. */
 265:Generated_Source\PSoC4/cyfitter_cfg.c **** 	CyGlobalIntDisable;
 322              		.loc 1 265 0
 323              		.syntax divided
 324              	@ 265 "Generated_Source\PSoC4\cyfitter_cfg.c" 1
 325 00e2 72B6     		CPSID   i
 326              	@ 0 "" 2
 266:Generated_Source\PSoC4/cyfitter_cfg.c **** 
 267:Generated_Source\PSoC4/cyfitter_cfg.c **** 	CY_SET_REG32((void *)(CYREG_BLE_BLESS_LL_DSM_CTRL), 0x00000000u);
 327              		.loc 1 267 0
 328              		.thumb
 329              		.syntax unified
 330 00e4 384B     		ldr	r3, .L13
 331 00e6 0022     		movs	r2, #0
 332 00e8 1A60     		str	r2, [r3]
 333              	.LBB2:
 268:Generated_Source\PSoC4/cyfitter_cfg.c **** 
 269:Generated_Source\PSoC4/cyfitter_cfg.c **** 	{
 270:Generated_Source\PSoC4/cyfitter_cfg.c **** 
 271:Generated_Source\PSoC4/cyfitter_cfg.c **** 		CYPACKED typedef struct {
 272:Generated_Source\PSoC4/cyfitter_cfg.c **** 			void CYFAR *address;
 273:Generated_Source\PSoC4/cyfitter_cfg.c **** 			uint16 size;
 274:Generated_Source\PSoC4/cyfitter_cfg.c **** 		} CYPACKED_ATTR cfg_memset_t;
 275:Generated_Source\PSoC4/cyfitter_cfg.c **** 
 276:Generated_Source\PSoC4/cyfitter_cfg.c **** 		static const cfg_memset_t CYCODE cfg_memset_list[] = {
 277:Generated_Source\PSoC4/cyfitter_cfg.c **** 			/* address, size */
 278:Generated_Source\PSoC4/cyfitter_cfg.c **** 			{(void CYFAR *)(CYDEV_UDB_P0_U0_BASE), 1024u},
 279:Generated_Source\PSoC4/cyfitter_cfg.c **** 			{(void CYFAR *)(CYDEV_UDB_DSI0_BASE), 1024u},
 280:Generated_Source\PSoC4/cyfitter_cfg.c **** 		};
 281:Generated_Source\PSoC4/cyfitter_cfg.c **** 
 282:Generated_Source\PSoC4/cyfitter_cfg.c **** 		uint8 CYDATA i;
 283:Generated_Source\PSoC4/cyfitter_cfg.c **** 
 284:Generated_Source\PSoC4/cyfitter_cfg.c **** 		/* Zero out critical memory blocks before beginning configuration */
 285:Generated_Source\PSoC4/cyfitter_cfg.c **** 		for (i = 0u; i < (sizeof(cfg_memset_list)/sizeof(cfg_memset_list[0])); i++)
 334              		.loc 1 285 0
 335 00ea FB1D     		adds	r3, r7, #7
 336 00ec 0022     		movs	r2, #0
 337 00ee 1A70     		strb	r2, [r3]
 338 00f0 22E0     		b	.L11
 339              	.L12:
 340              	.LBB3:
 286:Generated_Source\PSoC4/cyfitter_cfg.c **** 		{
 287:Generated_Source\PSoC4/cyfitter_cfg.c **** 			const cfg_memset_t CYCODE * CYDATA ms = &cfg_memset_list[i];
ARM GAS  C:\Users\run1009\AppData\Local\Temp\ccRFhL60.s 			page 12


 341              		.loc 1 287 0 discriminator 3
 342 00f2 FB1D     		adds	r3, r7, #7
 343 00f4 1A78     		ldrb	r2, [r3]
 344 00f6 1300     		movs	r3, r2
 345 00f8 5B00     		lsls	r3, r3, #1
 346 00fa 9B18     		adds	r3, r3, r2
 347 00fc 5B00     		lsls	r3, r3, #1
 348 00fe 334A     		ldr	r2, .L13+4
 349 0100 9B18     		adds	r3, r3, r2
 350 0102 3B60     		str	r3, [r7]
 288:Generated_Source\PSoC4/cyfitter_cfg.c **** 			CYMEMZERO(ms->address, (size_t)(uint32)(ms->size));
 351              		.loc 1 288 0 discriminator 3
 352 0104 3B68     		ldr	r3, [r7]
 353 0106 1A78     		ldrb	r2, [r3]
 354 0108 5978     		ldrb	r1, [r3, #1]
 355 010a 0902     		lsls	r1, r1, #8
 356 010c 0A43     		orrs	r2, r1
 357 010e 9978     		ldrb	r1, [r3, #2]
 358 0110 0904     		lsls	r1, r1, #16
 359 0112 0A43     		orrs	r2, r1
 360 0114 DB78     		ldrb	r3, [r3, #3]
 361 0116 1B06     		lsls	r3, r3, #24
 362 0118 1343     		orrs	r3, r2
 363 011a 1800     		movs	r0, r3
 364 011c 3B68     		ldr	r3, [r7]
 365 011e 1A79     		ldrb	r2, [r3, #4]
 366 0120 5B79     		ldrb	r3, [r3, #5]
 367 0122 1B02     		lsls	r3, r3, #8
 368 0124 1343     		orrs	r3, r2
 369 0126 9BB2     		uxth	r3, r3
 370 0128 1900     		movs	r1, r3
 371 012a FFF7FEFF 		bl	CYMEMZERO
 372              	.LBE3:
 285:Generated_Source\PSoC4/cyfitter_cfg.c **** 		{
 373              		.loc 1 285 0 discriminator 3
 374 012e FB1D     		adds	r3, r7, #7
 375 0130 1A78     		ldrb	r2, [r3]
 376 0132 FB1D     		adds	r3, r7, #7
 377 0134 0132     		adds	r2, r2, #1
 378 0136 1A70     		strb	r2, [r3]
 379              	.L11:
 285:Generated_Source\PSoC4/cyfitter_cfg.c **** 		{
 380              		.loc 1 285 0 is_stmt 0 discriminator 1
 381 0138 FB1D     		adds	r3, r7, #7
 382 013a 1B78     		ldrb	r3, [r3]
 383 013c 012B     		cmp	r3, #1
 384 013e D8D9     		bls	.L12
 289:Generated_Source\PSoC4/cyfitter_cfg.c **** 		}
 290:Generated_Source\PSoC4/cyfitter_cfg.c **** 
 291:Generated_Source\PSoC4/cyfitter_cfg.c **** 		/* HSIOM Starting address: CYDEV_HSIOM_BASE */
 292:Generated_Source\PSoC4/cyfitter_cfg.c **** 		CY_SET_REG32((void *)(CYDEV_HSIOM_BASE), 0xEE000000u);
 385              		.loc 1 292 0 is_stmt 1
 386 0140 234B     		ldr	r3, .L13+8
 387 0142 EE22     		movs	r2, #238
 388 0144 1206     		lsls	r2, r2, #24
 389 0146 1A60     		str	r2, [r3]
 293:Generated_Source\PSoC4/cyfitter_cfg.c **** 		CY_SET_REG32((void *)(CYREG_HSIOM_PORT_SEL1), 0x00990000u);
ARM GAS  C:\Users\run1009\AppData\Local\Temp\ccRFhL60.s 			page 13


 390              		.loc 1 293 0
 391 0148 224B     		ldr	r3, .L13+12
 392 014a 9922     		movs	r2, #153
 393 014c 1204     		lsls	r2, r2, #16
 394 014e 1A60     		str	r2, [r3]
 294:Generated_Source\PSoC4/cyfitter_cfg.c **** 
 295:Generated_Source\PSoC4/cyfitter_cfg.c **** 		/* UDB_PA_0 Starting address: CYDEV_UDB_PA0_BASE */
 296:Generated_Source\PSoC4/cyfitter_cfg.c **** 		CY_SET_REG32((void *)(CYDEV_UDB_PA0_BASE), 0x00990000u);
 395              		.loc 1 296 0
 396 0150 214B     		ldr	r3, .L13+16
 397 0152 9922     		movs	r2, #153
 398 0154 1204     		lsls	r2, r2, #16
 399 0156 1A60     		str	r2, [r3]
 297:Generated_Source\PSoC4/cyfitter_cfg.c **** 
 298:Generated_Source\PSoC4/cyfitter_cfg.c **** 		/* UDB_PA_1 Starting address: CYDEV_UDB_PA1_BASE */
 299:Generated_Source\PSoC4/cyfitter_cfg.c **** 		CY_SET_REG32((void *)(CYDEV_UDB_PA1_BASE), 0x00990000u);
 400              		.loc 1 299 0
 401 0158 204B     		ldr	r3, .L13+20
 402 015a 9922     		movs	r2, #153
 403 015c 1204     		lsls	r2, r2, #16
 404 015e 1A60     		str	r2, [r3]
 300:Generated_Source\PSoC4/cyfitter_cfg.c **** 
 301:Generated_Source\PSoC4/cyfitter_cfg.c **** 		/* UDB_PA_2 Starting address: CYDEV_UDB_PA2_BASE */
 302:Generated_Source\PSoC4/cyfitter_cfg.c **** 		CY_SET_REG32((void *)(CYDEV_UDB_PA2_BASE), 0x00990000u);
 405              		.loc 1 302 0
 406 0160 1F4B     		ldr	r3, .L13+24
 407 0162 9922     		movs	r2, #153
 408 0164 1204     		lsls	r2, r2, #16
 409 0166 1A60     		str	r2, [r3]
 303:Generated_Source\PSoC4/cyfitter_cfg.c **** 
 304:Generated_Source\PSoC4/cyfitter_cfg.c **** 		/* UDB_PA_3 Starting address: CYDEV_UDB_PA3_BASE */
 305:Generated_Source\PSoC4/cyfitter_cfg.c **** 		CY_SET_REG32((void *)(CYDEV_UDB_PA3_BASE), 0x00990000u);
 410              		.loc 1 305 0
 411 0168 1E4B     		ldr	r3, .L13+28
 412 016a 9922     		movs	r2, #153
 413 016c 1204     		lsls	r2, r2, #16
 414 016e 1A60     		str	r2, [r3]
 306:Generated_Source\PSoC4/cyfitter_cfg.c **** 
 307:Generated_Source\PSoC4/cyfitter_cfg.c **** 		/* Enable digital routing */
 308:Generated_Source\PSoC4/cyfitter_cfg.c **** 		CY_SET_XTND_REG8((void *)CYREG_UDB_UDBIF_BANK_CTL, (uint8)(CY_GET_XTND_REG8((void *)CYREG_UDB_UDB
 415              		.loc 1 308 0
 416 0170 1D4A     		ldr	r2, .L13+32
 417 0172 1D4B     		ldr	r3, .L13+32
 418 0174 1B78     		ldrb	r3, [r3]
 419 0176 DBB2     		uxtb	r3, r3
 420 0178 0621     		movs	r1, #6
 421 017a 0B43     		orrs	r3, r1
 422 017c DBB2     		uxtb	r3, r3
 423 017e 1370     		strb	r3, [r2]
 424              	.LBE2:
 309:Generated_Source\PSoC4/cyfitter_cfg.c **** 	}
 310:Generated_Source\PSoC4/cyfitter_cfg.c **** 
 311:Generated_Source\PSoC4/cyfitter_cfg.c **** 	/* Perform second pass device configuration. These items must be configured in specific order afte
 312:Generated_Source\PSoC4/cyfitter_cfg.c **** 	/* IOPINS0_0 Starting address: CYDEV_GPIO_PRT0_BASE */
 313:Generated_Source\PSoC4/cyfitter_cfg.c **** 	CY_SET_REG32((void *)(CYREG_GPIO_PRT0_PC), 0x00D80000u);
 425              		.loc 1 313 0
 426 0180 1A4B     		ldr	r3, .L13+36
ARM GAS  C:\Users\run1009\AppData\Local\Temp\ccRFhL60.s 			page 14


 427 0182 D822     		movs	r2, #216
 428 0184 1204     		lsls	r2, r2, #16
 429 0186 1A60     		str	r2, [r3]
 314:Generated_Source\PSoC4/cyfitter_cfg.c **** 
 315:Generated_Source\PSoC4/cyfitter_cfg.c **** 	/* IOPINS0_1 Starting address: CYDEV_GPIO_PRT1_BASE */
 316:Generated_Source\PSoC4/cyfitter_cfg.c **** 	CY_SET_REG32((void *)(CYDEV_GPIO_PRT1_BASE), 0x00000020u);
 430              		.loc 1 316 0
 431 0188 194B     		ldr	r3, .L13+40
 432 018a 2022     		movs	r2, #32
 433 018c 1A60     		str	r2, [r3]
 317:Generated_Source\PSoC4/cyfitter_cfg.c **** 	CY_SET_REG32((void *)(CYREG_GPIO_PRT1_PC), 0x00031000u);
 434              		.loc 1 317 0
 435 018e 194B     		ldr	r3, .L13+44
 436 0190 C422     		movs	r2, #196
 437 0192 9202     		lsls	r2, r2, #10
 438 0194 1A60     		str	r2, [r3]
 318:Generated_Source\PSoC4/cyfitter_cfg.c **** 	CY_SET_REG32((void *)(CYREG_GPIO_PRT1_PC2), 0x00000020u);
 439              		.loc 1 318 0
 440 0196 184B     		ldr	r3, .L13+48
 441 0198 2022     		movs	r2, #32
 442 019a 1A60     		str	r2, [r3]
 319:Generated_Source\PSoC4/cyfitter_cfg.c **** 
 320:Generated_Source\PSoC4/cyfitter_cfg.c **** 	/* IOPINS0_2 Starting address: CYDEV_GPIO_PRT2_BASE */
 321:Generated_Source\PSoC4/cyfitter_cfg.c **** 	CY_SET_REG32((void *)(CYDEV_GPIO_PRT2_BASE), 0x00000040u);
 443              		.loc 1 321 0
 444 019c 174B     		ldr	r3, .L13+52
 445 019e 4022     		movs	r2, #64
 446 01a0 1A60     		str	r2, [r3]
 322:Generated_Source\PSoC4/cyfitter_cfg.c **** 	CY_SET_REG32((void *)(CYREG_GPIO_PRT2_PC), 0x00180000u);
 447              		.loc 1 322 0
 448 01a2 174B     		ldr	r3, .L13+56
 449 01a4 C022     		movs	r2, #192
 450 01a6 5203     		lsls	r2, r2, #13
 451 01a8 1A60     		str	r2, [r3]
 323:Generated_Source\PSoC4/cyfitter_cfg.c **** 
 324:Generated_Source\PSoC4/cyfitter_cfg.c **** 	/* IOPINS0_3 Starting address: CYDEV_GPIO_PRT3_BASE */
 325:Generated_Source\PSoC4/cyfitter_cfg.c **** 	CY_SET_REG32((void *)(CYDEV_GPIO_PRT3_BASE), 0x000000C0u);
 452              		.loc 1 325 0
 453 01aa 164B     		ldr	r3, .L13+60
 454 01ac C022     		movs	r2, #192
 455 01ae 1A60     		str	r2, [r3]
 326:Generated_Source\PSoC4/cyfitter_cfg.c **** 	CY_SET_REG32((void *)(CYREG_GPIO_PRT3_PC), 0x00D80000u);
 456              		.loc 1 326 0
 457 01b0 154B     		ldr	r3, .L13+64
 458 01b2 D822     		movs	r2, #216
 459 01b4 1204     		lsls	r2, r2, #16
 460 01b6 1A60     		str	r2, [r3]
 327:Generated_Source\PSoC4/cyfitter_cfg.c **** 
 328:Generated_Source\PSoC4/cyfitter_cfg.c **** 
 329:Generated_Source\PSoC4/cyfitter_cfg.c **** 	/* Setup clocks based on selections from Clock DWR */
 330:Generated_Source\PSoC4/cyfitter_cfg.c **** 	ClockSetup();
 461              		.loc 1 330 0
 462 01b8 FFF722FF 		bl	ClockSetup
 331:Generated_Source\PSoC4/cyfitter_cfg.c **** 
 332:Generated_Source\PSoC4/cyfitter_cfg.c **** 	/* Perform basic analog initialization to defaults */
 333:Generated_Source\PSoC4/cyfitter_cfg.c **** 	AnalogSetDefault();
 463              		.loc 1 333 0
ARM GAS  C:\Users\run1009\AppData\Local\Temp\ccRFhL60.s 			page 15


 464 01bc FFF7FEFF 		bl	AnalogSetDefault
 334:Generated_Source\PSoC4/cyfitter_cfg.c **** 
 335:Generated_Source\PSoC4/cyfitter_cfg.c **** }
 465              		.loc 1 335 0
 466 01c0 C046     		nop
 467 01c2 BD46     		mov	sp, r7
 468 01c4 02B0     		add	sp, sp, #8
 469              		@ sp needed
 470 01c6 80BD     		pop	{r7, pc}
 471              	.L14:
 472              		.align	2
 473              	.L13:
 474 01c8 6CF02E40 		.word	1076818028
 475 01cc 00000000 		.word	cfg_memset_list.4884
 476 01d0 00000240 		.word	1073872896
 477 01d4 00010240 		.word	1073873152
 478 01d8 00500F40 		.word	1074745344
 479 01dc 10500F40 		.word	1074745360
 480 01e0 20500F40 		.word	1074745376
 481 01e4 30500F40 		.word	1074745392
 482 01e8 00700F40 		.word	1074753536
 483 01ec 08000440 		.word	1074003976
 484 01f0 00010440 		.word	1074004224
 485 01f4 08010440 		.word	1074004232
 486 01f8 18010440 		.word	1074004248
 487 01fc 00020440 		.word	1074004480
 488 0200 08020440 		.word	1074004488
 489 0204 00030440 		.word	1074004736
 490 0208 08030440 		.word	1074004744
 491              		.cfi_endproc
 492              	.LFE7:
 493              		.size	cyfitter_cfg, .-cyfitter_cfg
 494              		.section	.rodata
 495              		.align	2
 496              		.type	cfg_memset_list.4884, %object
 497              		.size	cfg_memset_list.4884, 12
 498              	cfg_memset_list.4884:
 499 0000 00300F40 		.word	1074737152
 500 0004 0004     		.short	1024
 501 0006 00400F40 		.4byte	1074741248
 502 000a 0004     		.short	1024
 503              		.text
 504              	.Letext0:
 505              		.file 2 "c:\\program files (x86)\\cypress\\psoc creator\\4.2\\psoc creator\\import\\gnu\\arm\\5.4.
 506              		.file 3 "Generated_Source\\PSoC4\\cytypes.h"
 507              		.section	.debug_info,"",%progbits
 508              	.Ldebug_info0:
 509 0000 55020000 		.4byte	0x255
 510 0004 0400     		.2byte	0x4
 511 0006 00000000 		.4byte	.Ldebug_abbrev0
 512 000a 04       		.byte	0x4
 513 000b 01       		.uleb128 0x1
 514 000c CE000000 		.4byte	.LASF30
 515 0010 0C       		.byte	0xc
 516 0011 0C020000 		.4byte	.LASF31
 517 0015 00000000 		.4byte	.LASF32
 518 0019 00000000 		.4byte	.Ldebug_ranges0+0
ARM GAS  C:\Users\run1009\AppData\Local\Temp\ccRFhL60.s 			page 16


 519 001d 00000000 		.4byte	0
 520 0021 00000000 		.4byte	.Ldebug_line0
 521 0025 02       		.uleb128 0x2
 522 0026 04       		.byte	0x4
 523 0027 05       		.byte	0x5
 524 0028 696E7400 		.ascii	"int\000"
 525 002c 03       		.uleb128 0x3
 526 002d 51000000 		.4byte	.LASF12
 527 0031 02       		.byte	0x2
 528 0032 D8       		.byte	0xd8
 529 0033 37000000 		.4byte	0x37
 530 0037 04       		.uleb128 0x4
 531 0038 04       		.byte	0x4
 532 0039 07       		.byte	0x7
 533 003a 8C010000 		.4byte	.LASF0
 534 003e 04       		.uleb128 0x4
 535 003f 08       		.byte	0x8
 536 0040 05       		.byte	0x5
 537 0041 CE010000 		.4byte	.LASF1
 538 0045 04       		.uleb128 0x4
 539 0046 08       		.byte	0x8
 540 0047 04       		.byte	0x4
 541 0048 F4010000 		.4byte	.LASF2
 542 004c 04       		.uleb128 0x4
 543 004d 01       		.byte	0x1
 544 004e 06       		.byte	0x6
 545 004f 00020000 		.4byte	.LASF3
 546 0053 04       		.uleb128 0x4
 547 0054 01       		.byte	0x1
 548 0055 08       		.byte	0x8
 549 0056 5C010000 		.4byte	.LASF4
 550 005a 04       		.uleb128 0x4
 551 005b 02       		.byte	0x2
 552 005c 05       		.byte	0x5
 553 005d E1010000 		.4byte	.LASF5
 554 0061 04       		.uleb128 0x4
 555 0062 02       		.byte	0x2
 556 0063 07       		.byte	0x7
 557 0064 84000000 		.4byte	.LASF6
 558 0068 04       		.uleb128 0x4
 559 0069 04       		.byte	0x4
 560 006a 05       		.byte	0x5
 561 006b EB010000 		.4byte	.LASF7
 562 006f 04       		.uleb128 0x4
 563 0070 04       		.byte	0x4
 564 0071 07       		.byte	0x7
 565 0072 AC000000 		.4byte	.LASF8
 566 0076 04       		.uleb128 0x4
 567 0077 08       		.byte	0x8
 568 0078 07       		.byte	0x7
 569 0079 A1010000 		.4byte	.LASF9
 570 007d 04       		.uleb128 0x4
 571 007e 04       		.byte	0x4
 572 007f 07       		.byte	0x7
 573 0080 C5010000 		.4byte	.LASF10
 574 0084 05       		.uleb128 0x5
 575 0085 04       		.byte	0x4
ARM GAS  C:\Users\run1009\AppData\Local\Temp\ccRFhL60.s 			page 17


 576 0086 04       		.uleb128 0x4
 577 0087 01       		.byte	0x1
 578 0088 08       		.byte	0x8
 579 0089 DC010000 		.4byte	.LASF11
 580 008d 06       		.uleb128 0x6
 581 008e BE000000 		.4byte	.LASF13
 582 0092 03       		.byte	0x3
 583 0093 B901     		.2byte	0x1b9
 584 0095 53000000 		.4byte	0x53
 585 0099 06       		.uleb128 0x6
 586 009a 7E010000 		.4byte	.LASF14
 587 009e 03       		.byte	0x3
 588 009f BA01     		.2byte	0x1ba
 589 00a1 61000000 		.4byte	0x61
 590 00a5 06       		.uleb128 0x6
 591 00a6 85010000 		.4byte	.LASF15
 592 00aa 03       		.byte	0x3
 593 00ab BB01     		.2byte	0x1bb
 594 00ad 6F000000 		.4byte	0x6f
 595 00b1 04       		.uleb128 0x4
 596 00b2 04       		.byte	0x4
 597 00b3 04       		.byte	0x4
 598 00b4 97000000 		.4byte	.LASF16
 599 00b8 04       		.uleb128 0x4
 600 00b9 08       		.byte	0x8
 601 00ba 04       		.byte	0x4
 602 00bb 6A010000 		.4byte	.LASF17
 603 00bf 06       		.uleb128 0x6
 604 00c0 A7000000 		.4byte	.LASF18
 605 00c4 03       		.byte	0x3
 606 00c5 6302     		.2byte	0x263
 607 00c7 CB000000 		.4byte	0xcb
 608 00cb 07       		.uleb128 0x7
 609 00cc 8D000000 		.4byte	0x8d
 610 00d0 06       		.uleb128 0x6
 611 00d1 4B000000 		.4byte	.LASF19
 612 00d5 03       		.byte	0x3
 613 00d6 6502     		.2byte	0x265
 614 00d8 DC000000 		.4byte	0xdc
 615 00dc 07       		.uleb128 0x7
 616 00dd A5000000 		.4byte	0xa5
 617 00e1 08       		.uleb128 0x8
 618 00e2 C4000000 		.4byte	.LASF20
 619 00e6 01       		.byte	0x1
 620 00e7 4A       		.byte	0x4a
 621 00e8 00000000 		.4byte	.LFB2
 622 00ec 1E000000 		.4byte	.LFE2-.LFB2
 623 00f0 01       		.uleb128 0x1
 624 00f1 9C       		.byte	0x9c
 625 00f2 0F010000 		.4byte	0x10f
 626 00f6 09       		.uleb128 0x9
 627 00f7 7300     		.ascii	"s\000"
 628 00f9 01       		.byte	0x1
 629 00fa 4A       		.byte	0x4a
 630 00fb 84000000 		.4byte	0x84
 631 00ff 02       		.uleb128 0x2
 632 0100 91       		.byte	0x91
ARM GAS  C:\Users\run1009\AppData\Local\Temp\ccRFhL60.s 			page 18


 633 0101 74       		.sleb128 -12
 634 0102 09       		.uleb128 0x9
 635 0103 6E00     		.ascii	"n\000"
 636 0105 01       		.byte	0x1
 637 0106 4A       		.byte	0x4a
 638 0107 2C000000 		.4byte	0x2c
 639 010b 02       		.uleb128 0x2
 640 010c 91       		.byte	0x91
 641 010d 70       		.sleb128 -16
 642 010e 00       		.byte	0
 643 010f 08       		.uleb128 0x8
 644 0110 42020000 		.4byte	.LASF21
 645 0114 01       		.byte	0x1
 646 0115 51       		.byte	0x51
 647 0116 00000000 		.4byte	.LFB3
 648 011a 20000000 		.4byte	.LFE3-.LFB3
 649 011e 01       		.uleb128 0x1
 650 011f 9C       		.byte	0x9c
 651 0120 4D010000 		.4byte	0x14d
 652 0124 0A       		.uleb128 0xa
 653 0125 9D000000 		.4byte	.LASF22
 654 0129 01       		.byte	0x1
 655 012a 51       		.byte	0x51
 656 012b 84000000 		.4byte	0x84
 657 012f 02       		.uleb128 0x2
 658 0130 91       		.byte	0x91
 659 0131 74       		.sleb128 -12
 660 0132 09       		.uleb128 0x9
 661 0133 73726300 		.ascii	"src\000"
 662 0137 01       		.byte	0x1
 663 0138 51       		.byte	0x51
 664 0139 4D010000 		.4byte	0x14d
 665 013d 02       		.uleb128 0x2
 666 013e 91       		.byte	0x91
 667 013f 70       		.sleb128 -16
 668 0140 09       		.uleb128 0x9
 669 0141 6E00     		.ascii	"n\000"
 670 0143 01       		.byte	0x1
 671 0144 51       		.byte	0x51
 672 0145 2C000000 		.4byte	0x2c
 673 0149 02       		.uleb128 0x2
 674 014a 91       		.byte	0x91
 675 014b 6C       		.sleb128 -20
 676 014c 00       		.byte	0
 677 014d 0B       		.uleb128 0xb
 678 014e 04       		.byte	0x4
 679 014f 53010000 		.4byte	0x153
 680 0153 0C       		.uleb128 0xc
 681 0154 08       		.uleb128 0x8
 682 0155 32020000 		.4byte	.LASF23
 683 0159 01       		.byte	0x1
 684 015a 58       		.byte	0x58
 685 015b 00000000 		.4byte	.LFB4
 686 015f 20000000 		.4byte	.LFE4-.LFB4
 687 0163 01       		.uleb128 0x1
 688 0164 9C       		.byte	0x9c
 689 0165 92010000 		.4byte	0x192
ARM GAS  C:\Users\run1009\AppData\Local\Temp\ccRFhL60.s 			page 19


 690 0169 0A       		.uleb128 0xa
 691 016a 9D000000 		.4byte	.LASF22
 692 016e 01       		.byte	0x1
 693 016f 58       		.byte	0x58
 694 0170 84000000 		.4byte	0x84
 695 0174 02       		.uleb128 0x2
 696 0175 91       		.byte	0x91
 697 0176 74       		.sleb128 -12
 698 0177 09       		.uleb128 0x9
 699 0178 73726300 		.ascii	"src\000"
 700 017c 01       		.byte	0x1
 701 017d 58       		.byte	0x58
 702 017e 4D010000 		.4byte	0x14d
 703 0182 02       		.uleb128 0x2
 704 0183 91       		.byte	0x91
 705 0184 70       		.sleb128 -16
 706 0185 09       		.uleb128 0x9
 707 0186 6E00     		.ascii	"n\000"
 708 0188 01       		.byte	0x1
 709 0189 58       		.byte	0x58
 710 018a 2C000000 		.4byte	0x2c
 711 018e 02       		.uleb128 0x2
 712 018f 91       		.byte	0x91
 713 0190 6C       		.sleb128 -20
 714 0191 00       		.byte	0
 715 0192 0D       		.uleb128 0xd
 716 0193 79000000 		.4byte	.LASF24
 717 0197 01       		.byte	0x1
 718 0198 A8       		.byte	0xa8
 719 0199 00000000 		.4byte	.LFB5
 720 019d DC000000 		.4byte	.LFE5-.LFB5
 721 01a1 01       		.uleb128 0x1
 722 01a2 9C       		.byte	0x9c
 723 01a3 0E       		.uleb128 0xe
 724 01a4 58000000 		.4byte	.LASF25
 725 01a8 01       		.byte	0x1
 726 01a9 EB       		.byte	0xeb
 727 01aa 00000000 		.4byte	.LFB6
 728 01ae 28000000 		.4byte	.LFE6-.LFB6
 729 01b2 01       		.uleb128 0x1
 730 01b3 9C       		.byte	0x9c
 731 01b4 0F       		.uleb128 0xf
 732 01b5 71010000 		.4byte	.LASF33
 733 01b9 01       		.byte	0x1
 734 01ba 0601     		.2byte	0x106
 735 01bc DC000000 		.4byte	.LFB7
 736 01c0 30010000 		.4byte	.LFE7-.LFB7
 737 01c4 01       		.uleb128 0x1
 738 01c5 9C       		.byte	0x9c
 739 01c6 10       		.uleb128 0x10
 740 01c7 EA000000 		.4byte	.LBB2
 741 01cb 96000000 		.4byte	.LBE2-.LBB2
 742 01cf 11       		.uleb128 0x11
 743 01d0 06       		.byte	0x6
 744 01d1 01       		.byte	0x1
 745 01d2 0F01     		.2byte	0x10f
 746 01d4 F3010000 		.4byte	0x1f3
ARM GAS  C:\Users\run1009\AppData\Local\Temp\ccRFhL60.s 			page 20


 747 01d8 12       		.uleb128 0x12
 748 01d9 99010000 		.4byte	.LASF26
 749 01dd 01       		.byte	0x1
 750 01de 1001     		.2byte	0x110
 751 01e0 84000000 		.4byte	0x84
 752 01e4 00       		.byte	0
 753 01e5 12       		.uleb128 0x12
 754 01e6 A2000000 		.4byte	.LASF27
 755 01ea 01       		.byte	0x1
 756 01eb 1101     		.2byte	0x111
 757 01ed 99000000 		.4byte	0x99
 758 01f1 04       		.byte	0x4
 759 01f2 00       		.byte	0
 760 01f3 06       		.uleb128 0x6
 761 01f4 B8010000 		.4byte	.LASF28
 762 01f8 01       		.byte	0x1
 763 01f9 1201     		.2byte	0x112
 764 01fb CF010000 		.4byte	0x1cf
 765 01ff 13       		.uleb128 0x13
 766 0200 0F020000 		.4byte	0x20f
 767 0204 0F020000 		.4byte	0x20f
 768 0208 14       		.uleb128 0x14
 769 0209 7D000000 		.4byte	0x7d
 770 020d 01       		.byte	0x1
 771 020e 00       		.byte	0
 772 020f 15       		.uleb128 0x15
 773 0210 F3010000 		.4byte	0x1f3
 774 0214 16       		.uleb128 0x16
 775 0215 69000000 		.4byte	.LASF29
 776 0219 01       		.byte	0x1
 777 021a 1401     		.2byte	0x114
 778 021c 26020000 		.4byte	0x226
 779 0220 05       		.uleb128 0x5
 780 0221 03       		.byte	0x3
 781 0222 00000000 		.4byte	cfg_memset_list.4884
 782 0226 15       		.uleb128 0x15
 783 0227 FF010000 		.4byte	0x1ff
 784 022b 17       		.uleb128 0x17
 785 022c 6900     		.ascii	"i\000"
 786 022e 01       		.byte	0x1
 787 022f 1A01     		.2byte	0x11a
 788 0231 8D000000 		.4byte	0x8d
 789 0235 02       		.uleb128 0x2
 790 0236 91       		.byte	0x91
 791 0237 77       		.sleb128 -9
 792 0238 10       		.uleb128 0x10
 793 0239 F2000000 		.4byte	.LBB3
 794 023d 3C000000 		.4byte	.LBE3-.LBB3
 795 0241 17       		.uleb128 0x17
 796 0242 6D7300   		.ascii	"ms\000"
 797 0245 01       		.byte	0x1
 798 0246 1F01     		.2byte	0x11f
 799 0248 4F020000 		.4byte	0x24f
 800 024c 02       		.uleb128 0x2
 801 024d 91       		.byte	0x91
 802 024e 70       		.sleb128 -16
 803 024f 0B       		.uleb128 0xb
ARM GAS  C:\Users\run1009\AppData\Local\Temp\ccRFhL60.s 			page 21


 804 0250 04       		.byte	0x4
 805 0251 0F020000 		.4byte	0x20f
 806 0255 00       		.byte	0
 807 0256 00       		.byte	0
 808 0257 00       		.byte	0
 809 0258 00       		.byte	0
 810              		.section	.debug_abbrev,"",%progbits
 811              	.Ldebug_abbrev0:
 812 0000 01       		.uleb128 0x1
 813 0001 11       		.uleb128 0x11
 814 0002 01       		.byte	0x1
 815 0003 25       		.uleb128 0x25
 816 0004 0E       		.uleb128 0xe
 817 0005 13       		.uleb128 0x13
 818 0006 0B       		.uleb128 0xb
 819 0007 03       		.uleb128 0x3
 820 0008 0E       		.uleb128 0xe
 821 0009 1B       		.uleb128 0x1b
 822 000a 0E       		.uleb128 0xe
 823 000b 55       		.uleb128 0x55
 824 000c 17       		.uleb128 0x17
 825 000d 11       		.uleb128 0x11
 826 000e 01       		.uleb128 0x1
 827 000f 10       		.uleb128 0x10
 828 0010 17       		.uleb128 0x17
 829 0011 00       		.byte	0
 830 0012 00       		.byte	0
 831 0013 02       		.uleb128 0x2
 832 0014 24       		.uleb128 0x24
 833 0015 00       		.byte	0
 834 0016 0B       		.uleb128 0xb
 835 0017 0B       		.uleb128 0xb
 836 0018 3E       		.uleb128 0x3e
 837 0019 0B       		.uleb128 0xb
 838 001a 03       		.uleb128 0x3
 839 001b 08       		.uleb128 0x8
 840 001c 00       		.byte	0
 841 001d 00       		.byte	0
 842 001e 03       		.uleb128 0x3
 843 001f 16       		.uleb128 0x16
 844 0020 00       		.byte	0
 845 0021 03       		.uleb128 0x3
 846 0022 0E       		.uleb128 0xe
 847 0023 3A       		.uleb128 0x3a
 848 0024 0B       		.uleb128 0xb
 849 0025 3B       		.uleb128 0x3b
 850 0026 0B       		.uleb128 0xb
 851 0027 49       		.uleb128 0x49
 852 0028 13       		.uleb128 0x13
 853 0029 00       		.byte	0
 854 002a 00       		.byte	0
 855 002b 04       		.uleb128 0x4
 856 002c 24       		.uleb128 0x24
 857 002d 00       		.byte	0
 858 002e 0B       		.uleb128 0xb
 859 002f 0B       		.uleb128 0xb
 860 0030 3E       		.uleb128 0x3e
ARM GAS  C:\Users\run1009\AppData\Local\Temp\ccRFhL60.s 			page 22


 861 0031 0B       		.uleb128 0xb
 862 0032 03       		.uleb128 0x3
 863 0033 0E       		.uleb128 0xe
 864 0034 00       		.byte	0
 865 0035 00       		.byte	0
 866 0036 05       		.uleb128 0x5
 867 0037 0F       		.uleb128 0xf
 868 0038 00       		.byte	0
 869 0039 0B       		.uleb128 0xb
 870 003a 0B       		.uleb128 0xb
 871 003b 00       		.byte	0
 872 003c 00       		.byte	0
 873 003d 06       		.uleb128 0x6
 874 003e 16       		.uleb128 0x16
 875 003f 00       		.byte	0
 876 0040 03       		.uleb128 0x3
 877 0041 0E       		.uleb128 0xe
 878 0042 3A       		.uleb128 0x3a
 879 0043 0B       		.uleb128 0xb
 880 0044 3B       		.uleb128 0x3b
 881 0045 05       		.uleb128 0x5
 882 0046 49       		.uleb128 0x49
 883 0047 13       		.uleb128 0x13
 884 0048 00       		.byte	0
 885 0049 00       		.byte	0
 886 004a 07       		.uleb128 0x7
 887 004b 35       		.uleb128 0x35
 888 004c 00       		.byte	0
 889 004d 49       		.uleb128 0x49
 890 004e 13       		.uleb128 0x13
 891 004f 00       		.byte	0
 892 0050 00       		.byte	0
 893 0051 08       		.uleb128 0x8
 894 0052 2E       		.uleb128 0x2e
 895 0053 01       		.byte	0x1
 896 0054 03       		.uleb128 0x3
 897 0055 0E       		.uleb128 0xe
 898 0056 3A       		.uleb128 0x3a
 899 0057 0B       		.uleb128 0xb
 900 0058 3B       		.uleb128 0x3b
 901 0059 0B       		.uleb128 0xb
 902 005a 27       		.uleb128 0x27
 903 005b 19       		.uleb128 0x19
 904 005c 11       		.uleb128 0x11
 905 005d 01       		.uleb128 0x1
 906 005e 12       		.uleb128 0x12
 907 005f 06       		.uleb128 0x6
 908 0060 40       		.uleb128 0x40
 909 0061 18       		.uleb128 0x18
 910 0062 9642     		.uleb128 0x2116
 911 0064 19       		.uleb128 0x19
 912 0065 01       		.uleb128 0x1
 913 0066 13       		.uleb128 0x13
 914 0067 00       		.byte	0
 915 0068 00       		.byte	0
 916 0069 09       		.uleb128 0x9
 917 006a 05       		.uleb128 0x5
ARM GAS  C:\Users\run1009\AppData\Local\Temp\ccRFhL60.s 			page 23


 918 006b 00       		.byte	0
 919 006c 03       		.uleb128 0x3
 920 006d 08       		.uleb128 0x8
 921 006e 3A       		.uleb128 0x3a
 922 006f 0B       		.uleb128 0xb
 923 0070 3B       		.uleb128 0x3b
 924 0071 0B       		.uleb128 0xb
 925 0072 49       		.uleb128 0x49
 926 0073 13       		.uleb128 0x13
 927 0074 02       		.uleb128 0x2
 928 0075 18       		.uleb128 0x18
 929 0076 00       		.byte	0
 930 0077 00       		.byte	0
 931 0078 0A       		.uleb128 0xa
 932 0079 05       		.uleb128 0x5
 933 007a 00       		.byte	0
 934 007b 03       		.uleb128 0x3
 935 007c 0E       		.uleb128 0xe
 936 007d 3A       		.uleb128 0x3a
 937 007e 0B       		.uleb128 0xb
 938 007f 3B       		.uleb128 0x3b
 939 0080 0B       		.uleb128 0xb
 940 0081 49       		.uleb128 0x49
 941 0082 13       		.uleb128 0x13
 942 0083 02       		.uleb128 0x2
 943 0084 18       		.uleb128 0x18
 944 0085 00       		.byte	0
 945 0086 00       		.byte	0
 946 0087 0B       		.uleb128 0xb
 947 0088 0F       		.uleb128 0xf
 948 0089 00       		.byte	0
 949 008a 0B       		.uleb128 0xb
 950 008b 0B       		.uleb128 0xb
 951 008c 49       		.uleb128 0x49
 952 008d 13       		.uleb128 0x13
 953 008e 00       		.byte	0
 954 008f 00       		.byte	0
 955 0090 0C       		.uleb128 0xc
 956 0091 26       		.uleb128 0x26
 957 0092 00       		.byte	0
 958 0093 00       		.byte	0
 959 0094 00       		.byte	0
 960 0095 0D       		.uleb128 0xd
 961 0096 2E       		.uleb128 0x2e
 962 0097 00       		.byte	0
 963 0098 03       		.uleb128 0x3
 964 0099 0E       		.uleb128 0xe
 965 009a 3A       		.uleb128 0x3a
 966 009b 0B       		.uleb128 0xb
 967 009c 3B       		.uleb128 0x3b
 968 009d 0B       		.uleb128 0xb
 969 009e 27       		.uleb128 0x27
 970 009f 19       		.uleb128 0x19
 971 00a0 11       		.uleb128 0x11
 972 00a1 01       		.uleb128 0x1
 973 00a2 12       		.uleb128 0x12
 974 00a3 06       		.uleb128 0x6
ARM GAS  C:\Users\run1009\AppData\Local\Temp\ccRFhL60.s 			page 24


 975 00a4 40       		.uleb128 0x40
 976 00a5 18       		.uleb128 0x18
 977 00a6 9642     		.uleb128 0x2116
 978 00a8 19       		.uleb128 0x19
 979 00a9 00       		.byte	0
 980 00aa 00       		.byte	0
 981 00ab 0E       		.uleb128 0xe
 982 00ac 2E       		.uleb128 0x2e
 983 00ad 00       		.byte	0
 984 00ae 03       		.uleb128 0x3
 985 00af 0E       		.uleb128 0xe
 986 00b0 3A       		.uleb128 0x3a
 987 00b1 0B       		.uleb128 0xb
 988 00b2 3B       		.uleb128 0x3b
 989 00b3 0B       		.uleb128 0xb
 990 00b4 27       		.uleb128 0x27
 991 00b5 19       		.uleb128 0x19
 992 00b6 11       		.uleb128 0x11
 993 00b7 01       		.uleb128 0x1
 994 00b8 12       		.uleb128 0x12
 995 00b9 06       		.uleb128 0x6
 996 00ba 40       		.uleb128 0x40
 997 00bb 18       		.uleb128 0x18
 998 00bc 9742     		.uleb128 0x2117
 999 00be 19       		.uleb128 0x19
 1000 00bf 00       		.byte	0
 1001 00c0 00       		.byte	0
 1002 00c1 0F       		.uleb128 0xf
 1003 00c2 2E       		.uleb128 0x2e
 1004 00c3 01       		.byte	0x1
 1005 00c4 3F       		.uleb128 0x3f
 1006 00c5 19       		.uleb128 0x19
 1007 00c6 03       		.uleb128 0x3
 1008 00c7 0E       		.uleb128 0xe
 1009 00c8 3A       		.uleb128 0x3a
 1010 00c9 0B       		.uleb128 0xb
 1011 00ca 3B       		.uleb128 0x3b
 1012 00cb 05       		.uleb128 0x5
 1013 00cc 27       		.uleb128 0x27
 1014 00cd 19       		.uleb128 0x19
 1015 00ce 11       		.uleb128 0x11
 1016 00cf 01       		.uleb128 0x1
 1017 00d0 12       		.uleb128 0x12
 1018 00d1 06       		.uleb128 0x6
 1019 00d2 40       		.uleb128 0x40
 1020 00d3 18       		.uleb128 0x18
 1021 00d4 9642     		.uleb128 0x2116
 1022 00d6 19       		.uleb128 0x19
 1023 00d7 00       		.byte	0
 1024 00d8 00       		.byte	0
 1025 00d9 10       		.uleb128 0x10
 1026 00da 0B       		.uleb128 0xb
 1027 00db 01       		.byte	0x1
 1028 00dc 11       		.uleb128 0x11
 1029 00dd 01       		.uleb128 0x1
 1030 00de 12       		.uleb128 0x12
 1031 00df 06       		.uleb128 0x6
ARM GAS  C:\Users\run1009\AppData\Local\Temp\ccRFhL60.s 			page 25


 1032 00e0 00       		.byte	0
 1033 00e1 00       		.byte	0
 1034 00e2 11       		.uleb128 0x11
 1035 00e3 13       		.uleb128 0x13
 1036 00e4 01       		.byte	0x1
 1037 00e5 0B       		.uleb128 0xb
 1038 00e6 0B       		.uleb128 0xb
 1039 00e7 3A       		.uleb128 0x3a
 1040 00e8 0B       		.uleb128 0xb
 1041 00e9 3B       		.uleb128 0x3b
 1042 00ea 05       		.uleb128 0x5
 1043 00eb 01       		.uleb128 0x1
 1044 00ec 13       		.uleb128 0x13
 1045 00ed 00       		.byte	0
 1046 00ee 00       		.byte	0
 1047 00ef 12       		.uleb128 0x12
 1048 00f0 0D       		.uleb128 0xd
 1049 00f1 00       		.byte	0
 1050 00f2 03       		.uleb128 0x3
 1051 00f3 0E       		.uleb128 0xe
 1052 00f4 3A       		.uleb128 0x3a
 1053 00f5 0B       		.uleb128 0xb
 1054 00f6 3B       		.uleb128 0x3b
 1055 00f7 05       		.uleb128 0x5
 1056 00f8 49       		.uleb128 0x49
 1057 00f9 13       		.uleb128 0x13
 1058 00fa 38       		.uleb128 0x38
 1059 00fb 0B       		.uleb128 0xb
 1060 00fc 00       		.byte	0
 1061 00fd 00       		.byte	0
 1062 00fe 13       		.uleb128 0x13
 1063 00ff 01       		.uleb128 0x1
 1064 0100 01       		.byte	0x1
 1065 0101 49       		.uleb128 0x49
 1066 0102 13       		.uleb128 0x13
 1067 0103 01       		.uleb128 0x1
 1068 0104 13       		.uleb128 0x13
 1069 0105 00       		.byte	0
 1070 0106 00       		.byte	0
 1071 0107 14       		.uleb128 0x14
 1072 0108 21       		.uleb128 0x21
 1073 0109 00       		.byte	0
 1074 010a 49       		.uleb128 0x49
 1075 010b 13       		.uleb128 0x13
 1076 010c 2F       		.uleb128 0x2f
 1077 010d 0B       		.uleb128 0xb
 1078 010e 00       		.byte	0
 1079 010f 00       		.byte	0
 1080 0110 15       		.uleb128 0x15
 1081 0111 26       		.uleb128 0x26
 1082 0112 00       		.byte	0
 1083 0113 49       		.uleb128 0x49
 1084 0114 13       		.uleb128 0x13
 1085 0115 00       		.byte	0
 1086 0116 00       		.byte	0
 1087 0117 16       		.uleb128 0x16
 1088 0118 34       		.uleb128 0x34
ARM GAS  C:\Users\run1009\AppData\Local\Temp\ccRFhL60.s 			page 26


 1089 0119 00       		.byte	0
 1090 011a 03       		.uleb128 0x3
 1091 011b 0E       		.uleb128 0xe
 1092 011c 3A       		.uleb128 0x3a
 1093 011d 0B       		.uleb128 0xb
 1094 011e 3B       		.uleb128 0x3b
 1095 011f 05       		.uleb128 0x5
 1096 0120 49       		.uleb128 0x49
 1097 0121 13       		.uleb128 0x13
 1098 0122 02       		.uleb128 0x2
 1099 0123 18       		.uleb128 0x18
 1100 0124 00       		.byte	0
 1101 0125 00       		.byte	0
 1102 0126 17       		.uleb128 0x17
 1103 0127 34       		.uleb128 0x34
 1104 0128 00       		.byte	0
 1105 0129 03       		.uleb128 0x3
 1106 012a 08       		.uleb128 0x8
 1107 012b 3A       		.uleb128 0x3a
 1108 012c 0B       		.uleb128 0xb
 1109 012d 3B       		.uleb128 0x3b
 1110 012e 05       		.uleb128 0x5
 1111 012f 49       		.uleb128 0x49
 1112 0130 13       		.uleb128 0x13
 1113 0131 02       		.uleb128 0x2
 1114 0132 18       		.uleb128 0x18
 1115 0133 00       		.byte	0
 1116 0134 00       		.byte	0
 1117 0135 00       		.byte	0
 1118              		.section	.debug_aranges,"",%progbits
 1119 0000 44000000 		.4byte	0x44
 1120 0004 0200     		.2byte	0x2
 1121 0006 00000000 		.4byte	.Ldebug_info0
 1122 000a 04       		.byte	0x4
 1123 000b 00       		.byte	0
 1124 000c 0000     		.2byte	0
 1125 000e 0000     		.2byte	0
 1126 0010 00000000 		.4byte	.LFB2
 1127 0014 1E000000 		.4byte	.LFE2-.LFB2
 1128 0018 00000000 		.4byte	.LFB3
 1129 001c 20000000 		.4byte	.LFE3-.LFB3
 1130 0020 00000000 		.4byte	.LFB4
 1131 0024 20000000 		.4byte	.LFE4-.LFB4
 1132 0028 00000000 		.4byte	.LFB5
 1133 002c DC000000 		.4byte	.LFE5-.LFB5
 1134 0030 00000000 		.4byte	.LFB6
 1135 0034 28000000 		.4byte	.LFE6-.LFB6
 1136 0038 DC000000 		.4byte	.LFB7
 1137 003c 30010000 		.4byte	.LFE7-.LFB7
 1138 0040 00000000 		.4byte	0
 1139 0044 00000000 		.4byte	0
 1140              		.section	.debug_ranges,"",%progbits
 1141              	.Ldebug_ranges0:
 1142 0000 00000000 		.4byte	.LFB2
 1143 0004 1E000000 		.4byte	.LFE2
 1144 0008 00000000 		.4byte	.LFB3
 1145 000c 20000000 		.4byte	.LFE3
ARM GAS  C:\Users\run1009\AppData\Local\Temp\ccRFhL60.s 			page 27


 1146 0010 00000000 		.4byte	.LFB4
 1147 0014 20000000 		.4byte	.LFE4
 1148 0018 00000000 		.4byte	.LFB5
 1149 001c DC000000 		.4byte	.LFE5
 1150 0020 00000000 		.4byte	.LFB6
 1151 0024 28000000 		.4byte	.LFE6
 1152 0028 DC000000 		.4byte	.LFB7
 1153 002c 0C020000 		.4byte	.LFE7
 1154 0030 00000000 		.4byte	0
 1155 0034 00000000 		.4byte	0
 1156              		.section	.debug_line,"",%progbits
 1157              	.Ldebug_line0:
 1158 0000 72010000 		.section	.debug_str,"MS",%progbits,1
 1158      0200CB00 
 1158      00000201 
 1158      FB0E0D00 
 1158      01010101 
 1159              	.LASF32:
 1160 0000 433A5C55 		.ascii	"C:\\Users\\run1009\\Documents\\BLE_Central_Observer"
 1160      73657273 
 1160      5C72756E 
 1160      31303039 
 1160      5C446F63 
 1161 002f 5C424C45 		.ascii	"\\BLE_Central_Observer.cydsn\000"
 1161      5F43656E 
 1161      7472616C 
 1161      5F4F6273 
 1161      65727665 
 1162              	.LASF19:
 1163 004b 72656733 		.ascii	"reg32\000"
 1163      3200
 1164              	.LASF12:
 1165 0051 73697A65 		.ascii	"size_t\000"
 1165      5F7400
 1166              	.LASF25:
 1167 0058 416E616C 		.ascii	"AnalogSetDefault\000"
 1167      6F675365 
 1167      74446566 
 1167      61756C74 
 1167      00
 1168              	.LASF29:
 1169 0069 6366675F 		.ascii	"cfg_memset_list\000"
 1169      6D656D73 
 1169      65745F6C 
 1169      69737400 
 1170              	.LASF24:
 1171 0079 436C6F63 		.ascii	"ClockSetup\000"
 1171      6B536574 
 1171      757000
 1172              	.LASF6:
 1173 0084 73686F72 		.ascii	"short unsigned int\000"
 1173      7420756E 
 1173      7369676E 
 1173      65642069 
 1173      6E7400
 1174              	.LASF16:
 1175 0097 666C6F61 		.ascii	"float\000"
ARM GAS  C:\Users\run1009\AppData\Local\Temp\ccRFhL60.s 			page 28


 1175      7400
 1176              	.LASF22:
 1177 009d 64657374 		.ascii	"dest\000"
 1177      00
 1178              	.LASF27:
 1179 00a2 73697A65 		.ascii	"size\000"
 1179      00
 1180              	.LASF18:
 1181 00a7 72656738 		.ascii	"reg8\000"
 1181      00
 1182              	.LASF8:
 1183 00ac 6C6F6E67 		.ascii	"long unsigned int\000"
 1183      20756E73 
 1183      69676E65 
 1183      6420696E 
 1183      7400
 1184              	.LASF13:
 1185 00be 75696E74 		.ascii	"uint8\000"
 1185      3800
 1186              	.LASF20:
 1187 00c4 43594D45 		.ascii	"CYMEMZERO\000"
 1187      4D5A4552 
 1187      4F00
 1188              	.LASF30:
 1189 00ce 474E5520 		.ascii	"GNU C11 5.4.1 20160609 (release) [ARM/embedded-5-br"
 1189      43313120 
 1189      352E342E 
 1189      31203230 
 1189      31363036 
 1190 0101 616E6368 		.ascii	"anch revision 237715] -mcpu=cortex-m0 -mthumb -g -O"
 1190      20726576 
 1190      6973696F 
 1190      6E203233 
 1190      37373135 
 1191 0134 30202D66 		.ascii	"0 -ffunction-sections -ffat-lto-objects\000"
 1191      66756E63 
 1191      74696F6E 
 1191      2D736563 
 1191      74696F6E 
 1192              	.LASF4:
 1193 015c 756E7369 		.ascii	"unsigned char\000"
 1193      676E6564 
 1193      20636861 
 1193      7200
 1194              	.LASF17:
 1195 016a 646F7562 		.ascii	"double\000"
 1195      6C6500
 1196              	.LASF33:
 1197 0171 63796669 		.ascii	"cyfitter_cfg\000"
 1197      74746572 
 1197      5F636667 
 1197      00
 1198              	.LASF14:
 1199 017e 75696E74 		.ascii	"uint16\000"
 1199      313600
 1200              	.LASF15:
 1201 0185 75696E74 		.ascii	"uint32\000"
ARM GAS  C:\Users\run1009\AppData\Local\Temp\ccRFhL60.s 			page 29


 1201      333200
 1202              	.LASF0:
 1203 018c 756E7369 		.ascii	"unsigned int\000"
 1203      676E6564 
 1203      20696E74 
 1203      00
 1204              	.LASF26:
 1205 0199 61646472 		.ascii	"address\000"
 1205      65737300 
 1206              	.LASF9:
 1207 01a1 6C6F6E67 		.ascii	"long long unsigned int\000"
 1207      206C6F6E 
 1207      6720756E 
 1207      7369676E 
 1207      65642069 
 1208              	.LASF28:
 1209 01b8 6366675F 		.ascii	"cfg_memset_t\000"
 1209      6D656D73 
 1209      65745F74 
 1209      00
 1210              	.LASF10:
 1211 01c5 73697A65 		.ascii	"sizetype\000"
 1211      74797065 
 1211      00
 1212              	.LASF1:
 1213 01ce 6C6F6E67 		.ascii	"long long int\000"
 1213      206C6F6E 
 1213      6720696E 
 1213      7400
 1214              	.LASF11:
 1215 01dc 63686172 		.ascii	"char\000"
 1215      00
 1216              	.LASF5:
 1217 01e1 73686F72 		.ascii	"short int\000"
 1217      7420696E 
 1217      7400
 1218              	.LASF7:
 1219 01eb 6C6F6E67 		.ascii	"long int\000"
 1219      20696E74 
 1219      00
 1220              	.LASF2:
 1221 01f4 6C6F6E67 		.ascii	"long double\000"
 1221      20646F75 
 1221      626C6500 
 1222              	.LASF3:
 1223 0200 7369676E 		.ascii	"signed char\000"
 1223      65642063 
 1223      68617200 
 1224              	.LASF31:
 1225 020c 47656E65 		.ascii	"Generated_Source\\PSoC4\\cyfitter_cfg.c\000"
 1225      72617465 
 1225      645F536F 
 1225      75726365 
 1225      5C50536F 
 1226              	.LASF23:
 1227 0232 4359434F 		.ascii	"CYCONFIGCPYCODE\000"
 1227      4E464947 
ARM GAS  C:\Users\run1009\AppData\Local\Temp\ccRFhL60.s 			page 30


 1227      43505943 
 1227      4F444500 
 1228              	.LASF21:
 1229 0242 4359434F 		.ascii	"CYCONFIGCPY\000"
 1229      4E464947 
 1229      43505900 
 1230              		.ident	"GCC: (GNU Tools for ARM Embedded Processors) 5.4.1 20160609 (release) [ARM/embedded-5-bran
